{"C:\\Users\\olya_\\sdaemru\\src\\App.tsx": {"path":"C:\\Users\\olya_\\sdaemru\\src\\App.tsx","statementMap":{"0":{"start":{"line":1,"column":0},"end":{"line":1,"column":49}},"1":{"start":{"line":2,"column":0},"end":{"line":2,"column":20}},"2":{"start":{"line":3,"column":0},"end":{"line":3,"column":36}},"3":{"start":{"line":4,"column":0},"end":{"line":4,"column":52}},"4":{"start":{"line":6,"column":0},"end":{"line":6,"column":67}},"5":{"start":{"line":7,"column":0},"end":{"line":7,"column":67}},"6":{"start":{"line":8,"column":0},"end":{"line":8,"column":52}},"7":{"start":{"line":9,"column":0},"end":{"line":9,"column":44}},"8":{"start":{"line":11,"column":0},"end":{"line":11,"column":42}},"9":{"start":{"line":12,"column":0},"end":{"line":12,"column":48}},"10":{"start":{"line":15,"column":2},"end":{"line":31,"column":4}},"11":{"start":{"line":34,"column":0},"end":{"line":34,"column":19}}},"fnMap":{"0":{"name":"App","decl":{"start":{"line":14,"column":9},"end":{"line":14,"column":12}},"loc":{"start":{"line":14,"column":12},"end":{"line":32,"column":1}}}},"branchMap":{},"s":{"0":1,"1":1,"2":1,"3":1,"4":1,"5":1,"6":1,"7":1,"8":1,"9":1,"10":4,"11":1},"f":{"0":4},"b":{}}
,"C:\\Users\\olya_\\sdaemru\\src\\components\\AddListingForm\\AddListingForms.tsx": {"path":"C:\\Users\\olya_\\sdaemru\\src\\components\\AddListingForm\\AddListingForms.tsx","statementMap":{"0":{"start":{"line":2,"column":0},"end":{"line":2,"column":54}},"1":{"start":{"line":3,"column":0},"end":{"line":3,"column":48}},"2":{"start":{"line":4,"column":0},"end":{"line":4,"column":51}},"3":{"start":{"line":5,"column":0},"end":{"line":5,"column":57}},"4":{"start":{"line":6,"column":0},"end":{"line":6,"column":51}},"5":{"start":{"line":22,"column":62},"end":{"line":68,"column":1}},"6":{"start":{"line":32,"column":2},"end":{"line":67,"column":4}},"7":{"start":{"line":22,"column":13},"end":{"line":22,"column":62}}},"fnMap":{"0":{"name":"(anonymous_0)","decl":{"start":{"line":22,"column":62},"end":{"line":22,"column":63}},"loc":{"start":{"line":31,"column":5},"end":{"line":68,"column":1}}}},"branchMap":{},"s":{"0":2,"1":2,"2":2,"3":2,"4":2,"5":2,"6":13,"7":2},"f":{"0":13},"b":{}}
,"C:\\Users\\olya_\\sdaemru\\src\\components\\AdressForm\\AdressForm.tsx": {"path":"C:\\Users\\olya_\\sdaemru\\src\\components\\AdressForm\\AdressForm.tsx","statementMap":{"0":{"start":{"line":1,"column":0},"end":{"line":1,"column":51}},"1":{"start":{"line":2,"column":0},"end":{"line":2,"column":26}},"2":{"start":{"line":3,"column":0},"end":{"line":3,"column":46}},"3":{"start":{"line":4,"column":0},"end":{"line":4,"column":34}},"4":{"start":{"line":29,"column":22},"end":{"line":231,"column":2}},"5":{"start":{"line":233,"column":53},"end":{"line":328,"column":1}},"6":{"start":{"line":237,"column":28},"end":{"line":237,"column":60}},"7":{"start":{"line":238,"column":40},"end":{"line":238,"column":70}},"8":{"start":{"line":239,"column":58},"end":{"line":239,"column":70}},"9":{"start":{"line":241,"column":20},"end":{"line":257,"column":3}},"10":{"start":{"line":242,"column":4},"end":{"line":256,"column":5}},"11":{"start":{"line":243,"column":6},"end":{"line":253,"column":73}},"12":{"start":{"line":251,"column":10},"end":{"line":251,"column":40}},"13":{"start":{"line":253,"column":26},"end":{"line":253,"column":71}},"14":{"start":{"line":255,"column":6},"end":{"line":255,"column":25}},"15":{"start":{"line":258,"column":29},"end":{"line":258,"column":54}},"16":{"start":{"line":260,"column":2},"end":{"line":265,"column":34}},"17":{"start":{"line":261,"column":4},"end":{"line":261,"column":25}},"18":{"start":{"line":262,"column":4},"end":{"line":264,"column":6}},"19":{"start":{"line":263,"column":6},"end":{"line":263,"column":34}},"20":{"start":{"line":267,"column":2},"end":{"line":327,"column":4}},"21":{"start":{"line":282,"column":10},"end":{"line":282,"column":35}},"22":{"start":{"line":283,"column":10},"end":{"line":286,"column":13}},"23":{"start":{"line":294,"column":12},"end":{"line":295,"column":null}},"24":{"start":{"line":297,"column":16},"end":{"line":297,"column":44}},"25":{"start":{"line":298,"column":16},"end":{"line":301,"column":19}},"26":{"start":{"line":302,"column":16},"end":{"line":302,"column":35}},"27":{"start":{"line":314,"column":10},"end":{"line":314,"column":50}},"28":{"start":{"line":315,"column":10},"end":{"line":315,"column":72}},"29":{"start":{"line":321,"column":10},"end":{"line":321,"column":35}},"30":{"start":{"line":233,"column":13},"end":{"line":233,"column":53}}},"fnMap":{"0":{"name":"(anonymous_1)","decl":{"start":{"line":233,"column":53},"end":{"line":233,"column":54}},"loc":{"start":{"line":236,"column":5},"end":{"line":328,"column":1}}},"1":{"name":"(anonymous_2)","decl":{"start":{"line":241,"column":20},"end":{"line":241,"column":23}},"loc":{"start":{"line":241,"column":25},"end":{"line":257,"column":3}}},"2":{"name":"(anonymous_3)","decl":{"start":{"line":250,"column":14},"end":{"line":250,"column":15}},"loc":{"start":{"line":250,"column":27},"end":{"line":252,"column":9}}},"3":{"name":"(anonymous_4)","decl":{"start":{"line":253,"column":15},"end":{"line":253,"column":16}},"loc":{"start":{"line":253,"column":26},"end":{"line":253,"column":71}}},"4":{"name":"(anonymous_5)","decl":{"start":{"line":260,"column":12},"end":{"line":260,"column":15}},"loc":{"start":{"line":260,"column":17},"end":{"line":265,"column":3}}},"5":{"name":"(anonymous_6)","decl":{"start":{"line":262,"column":11},"end":{"line":262,"column":14}},"loc":{"start":{"line":262,"column":16},"end":{"line":264,"column":5}}},"6":{"name":"(anonymous_7)","decl":{"start":{"line":281,"column":18},"end":{"line":281,"column":19}},"loc":{"start":{"line":281,"column":24},"end":{"line":287,"column":9}}},"7":{"name":"(anonymous_8)","decl":{"start":{"line":293,"column":27},"end":{"line":293,"column":28}},"loc":{"start":{"line":294,"column":12},"end":{"line":295,"column":null}}},"8":{"name":"(anonymous_9)","decl":{"start":{"line":296,"column":23},"end":{"line":296,"column":26}},"loc":{"start":{"line":296,"column":28},"end":{"line":303,"column":15}}},"9":{"name":"(anonymous_10)","decl":{"start":{"line":313,"column":18},"end":{"line":313,"column":19}},"loc":{"start":{"line":313,"column":24},"end":{"line":316,"column":9}}},"10":{"name":"(anonymous_11)","decl":{"start":{"line":320,"column":27},"end":{"line":320,"column":28}},"loc":{"start":{"line":321,"column":10},"end":{"line":321,"column":35}}}},"branchMap":{"0":{"loc":{"start":{"line":242,"column":4},"end":{"line":256,"column":5}},"type":"if","locations":[{"start":{"line":242,"column":4},"end":{"line":256,"column":5}},{"start":{"line":254,"column":11},"end":{"line":256,"column":5}}]},"1":{"loc":{"start":{"line":291,"column":7},"end":{"line":308,"column":null}},"type":"binary-expr","locations":[{"start":{"line":291,"column":7},"end":{"line":291,"column":29}},{"start":{"line":292,"column":8},"end":{"line":307,"column":null}}]}},"s":{"0":2,"1":2,"2":2,"3":2,"4":2,"5":2,"6":22,"7":22,"8":22,"9":22,"10":2,"11":2,"12":2,"13":0,"14":0,"15":22,"16":22,"17":22,"18":22,"19":22,"20":22,"21":2,"22":2,"23":2,"24":1,"25":1,"26":1,"27":2,"28":2,"29":4400,"30":2},"f":{"0":22,"1":2,"2":2,"3":0,"4":22,"5":22,"6":2,"7":2,"8":1,"9":2,"10":4400},"b":{"0":[2,0],"1":[22,2]}}
,"C:\\Users\\olya_\\sdaemru\\src\\components\\DescForm\\DescForm.tsx": {"path":"C:\\Users\\olya_\\sdaemru\\src\\components\\DescForm\\DescForm.tsx","statementMap":{"0":{"start":{"line":2,"column":0},"end":{"line":2,"column":44}},"1":{"start":{"line":12,"column":48},"end":{"line":64,"column":1}},"2":{"start":{"line":16,"column":2},"end":{"line":16,"column":29}},"3":{"start":{"line":17,"column":2},"end":{"line":63,"column":4}},"4":{"start":{"line":38,"column":12},"end":{"line":41,"column":14}},"5":{"start":{"line":55,"column":12},"end":{"line":58,"column":14}},"6":{"start":{"line":12,"column":13},"end":{"line":12,"column":48}}},"fnMap":{"0":{"name":"(anonymous_1)","decl":{"start":{"line":12,"column":48},"end":{"line":12,"column":49}},"loc":{"start":{"line":15,"column":5},"end":{"line":64,"column":1}}},"1":{"name":"(anonymous_2)","decl":{"start":{"line":37,"column":20},"end":{"line":37,"column":21}},"loc":{"start":{"line":38,"column":12},"end":{"line":41,"column":14}}},"2":{"name":"(anonymous_3)","decl":{"start":{"line":54,"column":20},"end":{"line":54,"column":21}},"loc":{"start":{"line":55,"column":12},"end":{"line":58,"column":14}}}},"branchMap":{"0":{"loc":{"start":{"line":36,"column":17},"end":{"line":36,"column":42}},"type":"binary-expr","locations":[{"start":{"line":36,"column":17},"end":{"line":36,"column":36}},{"start":{"line":36,"column":40},"end":{"line":36,"column":42}}]}},"s":{"0":2,"1":2,"2":15,"3":15,"4":2,"5":2,"6":2},"f":{"0":15,"1":2,"2":2},"b":{"0":[15,12]}}
,"C:\\Users\\olya_\\sdaemru\\src\\components\\Footer\\Footer.tsx": {"path":"C:\\Users\\olya_\\sdaemru\\src\\components\\Footer\\Footer.tsx","statementMap":{"0":{"start":{"line":1,"column":0},"end":{"line":1,"column":74}},"1":{"start":{"line":2,"column":0},"end":{"line":2,"column":42}},"2":{"start":{"line":4,"column":19},"end":{"line":4,"column":51}},"3":{"start":{"line":6,"column":22},"end":{"line":42,"column":1}},"4":{"start":{"line":7,"column":2},"end":{"line":41,"column":4}},"5":{"start":{"line":21,"column":10},"end":{"line":21,"column":26}},"6":{"start":{"line":6,"column":13},"end":{"line":6,"column":22}}},"fnMap":{"0":{"name":"(anonymous_1)","decl":{"start":{"line":6,"column":22},"end":{"line":6,"column":25}},"loc":{"start":{"line":6,"column":27},"end":{"line":42,"column":1}}},"1":{"name":"(anonymous_2)","decl":{"start":{"line":20,"column":24},"end":{"line":20,"column":25}},"loc":{"start":{"line":21,"column":10},"end":{"line":21,"column":26}}}},"branchMap":{},"s":{"0":2,"1":2,"2":2,"3":2,"4":5,"5":15,"6":2},"f":{"0":5,"1":15},"b":{}}
,"C:\\Users\\olya_\\sdaemru\\src\\components\\Gallery\\Gallery.tsx": {"path":"C:\\Users\\olya_\\sdaemru\\src\\components\\Gallery\\Gallery.tsx","statementMap":{"0":{"start":{"line":1,"column":0},"end":{"line":1,"column":43}},"1":{"start":{"line":3,"column":0},"end":{"line":3,"column":47}},"2":{"start":{"line":5,"column":19},"end":{"line":24,"column":2}},"3":{"start":{"line":26,"column":23},"end":{"line":87,"column":1}},"4":{"start":{"line":27,"column":19},"end":{"line":27,"column":32}},"5":{"start":{"line":28,"column":2},"end":{"line":86,"column":4}},"6":{"start":{"line":33,"column":12},"end":{"line":36,"column":null}},"7":{"start":{"line":45,"column":20},"end":{"line":45,"column":53}},"8":{"start":{"line":26,"column":13},"end":{"line":26,"column":23}}},"fnMap":{"0":{"name":"(anonymous_1)","decl":{"start":{"line":26,"column":23},"end":{"line":26,"column":26}},"loc":{"start":{"line":26,"column":28},"end":{"line":87,"column":1}}},"1":{"name":"(anonymous_2)","decl":{"start":{"line":32,"column":26},"end":{"line":32,"column":27}},"loc":{"start":{"line":33,"column":12},"end":{"line":36,"column":null}}},"2":{"name":"(anonymous_3)","decl":{"start":{"line":44,"column":27},"end":{"line":44,"column":30}},"loc":{"start":{"line":44,"column":32},"end":{"line":46,"column":19}}}},"branchMap":{},"s":{"0":1,"1":1,"2":1,"3":1,"4":1,"5":1,"6":3,"7":0,"8":1},"f":{"0":1,"1":3,"2":0},"b":{}}
,"C:\\Users\\olya_\\sdaemru\\src\\components\\Header\\Header.tsx": {"path":"C:\\Users\\olya_\\sdaemru\\src\\components\\Header\\Header.tsx","statementMap":{"0":{"start":{"line":1,"column":0},"end":{"line":1,"column":40}},"1":{"start":{"line":2,"column":0},"end":{"line":2,"column":42}},"2":{"start":{"line":3,"column":0},"end":{"line":3,"column":47}},"3":{"start":{"line":4,"column":0},"end":{"line":4,"column":40}},"4":{"start":{"line":6,"column":32},"end":{"line":77,"column":1}},"5":{"start":{"line":7,"column":38},"end":{"line":7,"column":53}},"6":{"start":{"line":8,"column":21},"end":{"line":8,"column":47}},"7":{"start":{"line":9,"column":19},"end":{"line":9,"column":32}},"8":{"start":{"line":11,"column":2},"end":{"line":76,"column":4}},"9":{"start":{"line":15,"column":10},"end":{"line":15,"column":24}},"10":{"start":{"line":28,"column":25},"end":{"line":28,"column":58}},"11":{"start":{"line":34,"column":25},"end":{"line":34,"column":53}},"12":{"start":{"line":40,"column":25},"end":{"line":40,"column":51}},"13":{"start":{"line":49,"column":25},"end":{"line":49,"column":58}},"14":{"start":{"line":55,"column":25},"end":{"line":55,"column":53}},"15":{"start":{"line":61,"column":25},"end":{"line":61,"column":51}},"16":{"start":{"line":66,"column":29},"end":{"line":66,"column":52}},"17":{"start":{"line":71,"column":23},"end":{"line":71,"column":49}},"18":{"start":{"line":6,"column":13},"end":{"line":6,"column":32}}},"fnMap":{"0":{"name":"(anonymous_1)","decl":{"start":{"line":6,"column":32},"end":{"line":6,"column":35}},"loc":{"start":{"line":6,"column":37},"end":{"line":77,"column":1}}},"1":{"name":"(anonymous_2)","decl":{"start":{"line":14,"column":17},"end":{"line":14,"column":20}},"loc":{"start":{"line":14,"column":22},"end":{"line":16,"column":9}}},"2":{"name":"(anonymous_3)","decl":{"start":{"line":28,"column":19},"end":{"line":28,"column":22}},"loc":{"start":{"line":28,"column":25},"end":{"line":28,"column":58}}},"3":{"name":"(anonymous_4)","decl":{"start":{"line":34,"column":19},"end":{"line":34,"column":22}},"loc":{"start":{"line":34,"column":25},"end":{"line":34,"column":53}}},"4":{"name":"(anonymous_5)","decl":{"start":{"line":40,"column":19},"end":{"line":40,"column":22}},"loc":{"start":{"line":40,"column":25},"end":{"line":40,"column":51}}},"5":{"name":"(anonymous_6)","decl":{"start":{"line":49,"column":19},"end":{"line":49,"column":22}},"loc":{"start":{"line":49,"column":25},"end":{"line":49,"column":58}}},"6":{"name":"(anonymous_7)","decl":{"start":{"line":55,"column":19},"end":{"line":55,"column":22}},"loc":{"start":{"line":55,"column":25},"end":{"line":55,"column":53}}},"7":{"name":"(anonymous_8)","decl":{"start":{"line":61,"column":19},"end":{"line":61,"column":22}},"loc":{"start":{"line":61,"column":25},"end":{"line":61,"column":51}}},"8":{"name":"(anonymous_9)","decl":{"start":{"line":66,"column":23},"end":{"line":66,"column":26}},"loc":{"start":{"line":66,"column":29},"end":{"line":66,"column":52}}},"9":{"name":"(anonymous_10)","decl":{"start":{"line":71,"column":17},"end":{"line":71,"column":20}},"loc":{"start":{"line":71,"column":23},"end":{"line":71,"column":49}}}},"branchMap":{"0":{"loc":{"start":{"line":23,"column":43},"end":{"line":23,"column":72}},"type":"cond-expr","locations":[{"start":{"line":23,"column":56},"end":{"line":23,"column":67}},{"start":{"line":23,"column":70},"end":{"line":23,"column":72}}]}},"s":{"0":2,"1":2,"2":2,"3":2,"4":2,"5":5,"6":5,"7":5,"8":5,"9":0,"10":0,"11":0,"12":0,"13":0,"14":0,"15":0,"16":0,"17":0,"18":2},"f":{"0":5,"1":0,"2":0,"3":0,"4":0,"5":0,"6":0,"7":0,"8":0,"9":0},"b":{"0":[0,5]}}
,"C:\\Users\\olya_\\sdaemru\\src\\components\\ListingDesc\\ListingDesc.tsx": {"path":"C:\\Users\\olya_\\sdaemru\\src\\components\\ListingDesc\\ListingDesc.tsx","statementMap":{"0":{"start":{"line":1,"column":0},"end":{"line":1,"column":41}},"1":{"start":{"line":2,"column":0},"end":{"line":2,"column":47}},"2":{"start":{"line":9,"column":54},"end":{"line":58,"column":1}},"3":{"start":{"line":10,"column":2},"end":{"line":57,"column":4}},"4":{"start":{"line":9,"column":13},"end":{"line":9,"column":54}}},"fnMap":{"0":{"name":"(anonymous_1)","decl":{"start":{"line":9,"column":54},"end":{"line":9,"column":55}},"loc":{"start":{"line":9,"column":70},"end":{"line":58,"column":1}}}},"branchMap":{"0":{"loc":{"start":{"line":37,"column":11},"end":{"line":49,"column":null}},"type":"binary-expr","locations":[{"start":{"line":37,"column":11},"end":{"line":37,"column":27}},{"start":{"line":38,"column":12},"end":{"line":48,"column":null}}]}},"s":{"0":3,"1":3,"2":3,"3":13,"4":3},"f":{"0":13},"b":{"0":[13,13]}}
,"C:\\Users\\olya_\\sdaemru\\src\\components\\ListingUpper\\ListingUpper.tsx": {"path":"C:\\Users\\olya_\\sdaemru\\src\\components\\ListingUpper\\ListingUpper.tsx","statementMap":{"0":{"start":{"line":1,"column":0},"end":{"line":1,"column":51}},"1":{"start":{"line":2,"column":0},"end":{"line":2,"column":48}},"2":{"start":{"line":3,"column":0},"end":{"line":3,"column":64}},"3":{"start":{"line":4,"column":0},"end":{"line":4,"column":34}},"4":{"start":{"line":5,"column":0},"end":{"line":5,"column":44}},"5":{"start":{"line":7,"column":0},"end":{"line":7,"column":57}},"6":{"start":{"line":8,"column":0},"end":{"line":8,"column":26}},"7":{"start":{"line":10,"column":0},"end":{"line":10,"column":24}},"8":{"start":{"line":11,"column":0},"end":{"line":11,"column":42}},"9":{"start":{"line":17,"column":56},"end":{"line":150,"column":1}},"10":{"start":{"line":18,"column":36},"end":{"line":18,"column":47}},"11":{"start":{"line":19,"column":40},"end":{"line":22,"column":26}},"12":{"start":{"line":24,"column":21},"end":{"line":30,"column":4}},"13":{"start":{"line":32,"column":2},"end":{"line":52,"column":25}},"14":{"start":{"line":33,"column":29},"end":{"line":47,"column":5}},"15":{"start":{"line":34,"column":6},"end":{"line":46,"column":7}},"16":{"start":{"line":35,"column":25},"end":{"line":38,"column":null}},"17":{"start":{"line":40,"column":21},"end":{"line":40,"column":34}},"18":{"start":{"line":41,"column":8},"end":{"line":43,"column":9}},"19":{"start":{"line":42,"column":10},"end":{"line":42,"column":65}},"20":{"start":{"line":45,"column":8},"end":{"line":45,"column":60}},"21":{"start":{"line":49,"column":4},"end":{"line":51,"column":5}},"22":{"start":{"line":50,"column":6},"end":{"line":50,"column":25}},"23":{"start":{"line":54,"column":37},"end":{"line":57,"column":4}},"24":{"start":{"line":58,"column":2},"end":{"line":58,"column":48}},"25":{"start":{"line":60,"column":2},"end":{"line":149,"column":4}},"26":{"start":{"line":65,"column":12},"end":{"line":66,"column":null}},"27":{"start":{"line":70,"column":29},"end":{"line":70,"column":48}},"28":{"start":{"line":17,"column":13},"end":{"line":17,"column":56}}},"fnMap":{"0":{"name":"(anonymous_1)","decl":{"start":{"line":17,"column":56},"end":{"line":17,"column":57}},"loc":{"start":{"line":17,"column":72},"end":{"line":150,"column":1}}},"1":{"name":"(anonymous_2)","decl":{"start":{"line":32,"column":12},"end":{"line":32,"column":15}},"loc":{"start":{"line":32,"column":17},"end":{"line":52,"column":3}}},"2":{"name":"(anonymous_3)","decl":{"start":{"line":33,"column":29},"end":{"line":33,"column":34}},"loc":{"start":{"line":33,"column":40},"end":{"line":47,"column":5}}},"3":{"name":"(anonymous_4)","decl":{"start":{"line":64,"column":29},"end":{"line":64,"column":30}},"loc":{"start":{"line":65,"column":12},"end":{"line":66,"column":null}}},"4":{"name":"(anonymous_5)","decl":{"start":{"line":70,"column":23},"end":{"line":70,"column":26}},"loc":{"start":{"line":70,"column":29},"end":{"line":70,"column":48}}}},"branchMap":{"0":{"loc":{"start":{"line":41,"column":8},"end":{"line":43,"column":9}},"type":"if","locations":[{"start":{"line":41,"column":8},"end":{"line":43,"column":9}}]},"1":{"loc":{"start":{"line":49,"column":4},"end":{"line":51,"column":5}},"type":"if","locations":[{"start":{"line":49,"column":4},"end":{"line":51,"column":5}}]},"2":{"loc":{"start":{"line":68,"column":16},"end":{"line":68,"column":null}},"type":"cond-expr","locations":[{"start":{"line":68,"column":38},"end":{"line":68,"column":56}},{"start":{"line":68,"column":59},"end":{"line":68,"column":null}}]},"3":{"loc":{"start":{"line":112,"column":11},"end":{"line":125,"column":null}},"type":"binary-expr","locations":[{"start":{"line":112,"column":11},"end":{"line":112,"column":26}},{"start":{"line":112,"column":30},"end":{"line":112,"column":45}},{"start":{"line":112,"column":49},"end":{"line":112,"column":57}},{"start":{"line":113,"column":12},"end":{"line":124,"column":null}}]},"4":{"loc":{"start":{"line":133,"column":7},"end":{"line":146,"column":null}},"type":"binary-expr","locations":[{"start":{"line":133,"column":7},"end":{"line":133,"column":22}},{"start":{"line":133,"column":26},"end":{"line":133,"column":41}},{"start":{"line":133,"column":45},"end":{"line":133,"column":53}},{"start":{"line":134,"column":8},"end":{"line":145,"column":null}}]}},"s":{"0":2,"1":2,"2":2,"3":2,"4":2,"5":2,"6":2,"7":2,"8":2,"9":2,"10":6,"11":6,"12":6,"13":6,"14":4,"15":4,"16":4,"17":4,"18":2,"19":1,"20":2,"21":4,"22":4,"23":6,"24":6,"25":6,"26":12,"27":1,"28":2},"f":{"0":6,"1":4,"2":4,"3":12,"4":1},"b":{"0":[1],"1":[4],"2":[6,6],"3":[6,1,1,1],"4":[6,1,1,1]}}
,"C:\\Users\\olya_\\sdaemru\\src\\components\\ListingsItem\\ListingsItem.tsx": {"path":"C:\\Users\\olya_\\sdaemru\\src\\components\\ListingsItem\\ListingsItem.tsx","statementMap":{"0":{"start":{"line":2,"column":0},"end":{"line":2,"column":48}},"1":{"start":{"line":3,"column":0},"end":{"line":3,"column":41}},"2":{"start":{"line":4,"column":0},"end":{"line":4,"column":71}},"3":{"start":{"line":11,"column":23},"end":{"line":15,"column":2}},"4":{"start":{"line":17,"column":56},"end":{"line":57,"column":1}},"5":{"start":{"line":18,"column":23},"end":{"line":18,"column":34}},"6":{"start":{"line":19,"column":2},"end":{"line":19,"column":24}},"7":{"start":{"line":20,"column":19},"end":{"line":20,"column":32}},"8":{"start":{"line":21,"column":19},"end":{"line":21,"column":32}},"9":{"start":{"line":23,"column":20},"end":{"line":23,"column":75}},"10":{"start":{"line":24,"column":2},"end":{"line":56,"column":4}},"11":{"start":{"line":48,"column":14},"end":{"line":48,"column":58}},"12":{"start":{"line":17,"column":13},"end":{"line":17,"column":56}}},"fnMap":{"0":{"name":"(anonymous_1)","decl":{"start":{"line":17,"column":56},"end":{"line":17,"column":57}},"loc":{"start":{"line":17,"column":69},"end":{"line":57,"column":1}}},"1":{"name":"(anonymous_2)","decl":{"start":{"line":47,"column":21},"end":{"line":47,"column":24}},"loc":{"start":{"line":47,"column":26},"end":{"line":49,"column":13}}}},"branchMap":{"0":{"loc":{"start":{"line":37,"column":15},"end":{"line":37,"column":64}},"type":"cond-expr","locations":[{"start":{"line":37,"column":52},"end":{"line":37,"column":59}},{"start":{"line":37,"column":62},"end":{"line":37,"column":64}}]}},"s":{"0":2,"1":2,"2":2,"3":2,"4":2,"5":6,"6":6,"7":6,"8":6,"9":6,"10":6,"11":1,"12":2},"f":{"0":6,"1":1},"b":{"0":[0,6]}}
,"C:\\Users\\olya_\\sdaemru\\src\\components\\ListingsItems\\ListingsItems.tsx": {"path":"C:\\Users\\olya_\\sdaemru\\src\\components\\ListingsItems\\ListingsItems.tsx","statementMap":{"0":{"start":{"line":2,"column":0},"end":{"line":2,"column":60}},"1":{"start":{"line":3,"column":0},"end":{"line":3,"column":49}},"2":{"start":{"line":10,"column":58},"end":{"line":23,"column":1}},"3":{"start":{"line":11,"column":2},"end":{"line":22,"column":4}},"4":{"start":{"line":16,"column":10},"end":{"line":17,"column":null}},"5":{"start":{"line":10,"column":13},"end":{"line":10,"column":58}}},"fnMap":{"0":{"name":"(anonymous_1)","decl":{"start":{"line":10,"column":58},"end":{"line":10,"column":59}},"loc":{"start":{"line":10,"column":72},"end":{"line":23,"column":1}}},"1":{"name":"(anonymous_2)","decl":{"start":{"line":15,"column":19},"end":{"line":15,"column":20}},"loc":{"start":{"line":16,"column":10},"end":{"line":17,"column":null}}}},"branchMap":{},"s":{"0":1,"1":1,"2":1,"3":2,"4":4,"5":1},"f":{"0":2,"1":4},"b":{}}
,"C:\\Users\\olya_\\sdaemru\\src\\components\\ListingsTitle\\ListingsTitle.tsx": {"path":"C:\\Users\\olya_\\sdaemru\\src\\components\\ListingsTitle\\ListingsTitle.tsx","statementMap":{"0":{"start":{"line":2,"column":0},"end":{"line":2,"column":49}},"1":{"start":{"line":4,"column":0},"end":{"line":4,"column":54}},"2":{"start":{"line":5,"column":0},"end":{"line":5,"column":45}},"3":{"start":{"line":17,"column":31},"end":{"line":77,"column":2}},"4":{"start":{"line":83,"column":58},"end":{"line":132,"column":1}},"5":{"start":{"line":84,"column":19},"end":{"line":84,"column":35}},"6":{"start":{"line":85,"column":25},"end":{"line":85,"column":72}},"7":{"start":{"line":87,"column":2},"end":{"line":131,"column":4}},"8":{"start":{"line":113,"column":14},"end":{"line":124,"column":null}},"9":{"start":{"line":116,"column":18},"end":{"line":120,"column":null}},"10":{"start":{"line":83,"column":13},"end":{"line":83,"column":58}}},"fnMap":{"0":{"name":"(anonymous_1)","decl":{"start":{"line":83,"column":58},"end":{"line":83,"column":59}},"loc":{"start":{"line":83,"column":75},"end":{"line":132,"column":1}}},"1":{"name":"(anonymous_2)","decl":{"start":{"line":112,"column":49},"end":{"line":112,"column":50}},"loc":{"start":{"line":113,"column":14},"end":{"line":124,"column":null}}},"2":{"name":"(anonymous_3)","decl":{"start":{"line":115,"column":25},"end":{"line":115,"column":28}},"loc":{"start":{"line":116,"column":18},"end":{"line":120,"column":null}}}},"branchMap":{"0":{"loc":{"start":{"line":110,"column":9},"end":{"line":127,"column":null}},"type":"binary-expr","locations":[{"start":{"line":110,"column":9},"end":{"line":110,"column":23}},{"start":{"line":111,"column":10},"end":{"line":126,"column":null}}]}},"s":{"0":1,"1":1,"2":1,"3":1,"4":1,"5":4,"6":4,"7":4,"8":11,"9":1,"10":1},"f":{"0":4,"1":11,"2":1},"b":{"0":[4,4]}}
,"C:\\Users\\olya_\\sdaemru\\src\\components\\OptionsForm\\OptionsForm.tsx": {"path":"C:\\Users\\olya_\\sdaemru\\src\\components\\OptionsForm\\OptionsForm.tsx","statementMap":{"0":{"start":{"line":1,"column":0},"end":{"line":1,"column":51}},"1":{"start":{"line":2,"column":0},"end":{"line":2,"column":47}},"2":{"start":{"line":14,"column":18},"end":{"line":69,"column":2}},"3":{"start":{"line":71,"column":54},"end":{"line":121,"column":1}},"4":{"start":{"line":76,"column":19},"end":{"line":76,"column":73}},"5":{"start":{"line":77,"column":44},"end":{"line":78,"column":null}},"6":{"start":{"line":81,"column":2},"end":{"line":83,"column":36}},"7":{"start":{"line":82,"column":4},"end":{"line":82,"column":80}},"8":{"start":{"line":85,"column":28},"end":{"line":91,"column":3}},"9":{"start":{"line":86,"column":4},"end":{"line":86,"column":28}},"10":{"start":{"line":87,"column":4},"end":{"line":90,"column":7}},"11":{"start":{"line":93,"column":2},"end":{"line":120,"column":4}},"12":{"start":{"line":101,"column":10},"end":{"line":102,"column":null}},"13":{"start":{"line":113,"column":30},"end":{"line":113,"column":69}},"14":{"start":{"line":71,"column":13},"end":{"line":71,"column":54}}},"fnMap":{"0":{"name":"(anonymous_1)","decl":{"start":{"line":71,"column":54},"end":{"line":71,"column":55}},"loc":{"start":{"line":75,"column":5},"end":{"line":121,"column":1}}},"1":{"name":"(anonymous_2)","decl":{"start":{"line":81,"column":12},"end":{"line":81,"column":15}},"loc":{"start":{"line":81,"column":17},"end":{"line":83,"column":3}}},"2":{"name":"(anonymous_3)","decl":{"start":{"line":85,"column":28},"end":{"line":85,"column":29}},"loc":{"start":{"line":85,"column":46},"end":{"line":91,"column":3}}},"3":{"name":"(anonymous_4)","decl":{"start":{"line":100,"column":28},"end":{"line":100,"column":29}},"loc":{"start":{"line":101,"column":10},"end":{"line":102,"column":null}}},"4":{"name":"(anonymous_5)","decl":{"start":{"line":113,"column":24},"end":{"line":113,"column":27}},"loc":{"start":{"line":113,"column":30},"end":{"line":113,"column":69}}}},"branchMap":{"0":{"loc":{"start":{"line":104,"column":14},"end":{"line":104,"column":null}},"type":"cond-expr","locations":[{"start":{"line":104,"column":45},"end":{"line":104,"column":58}},{"start":{"line":104,"column":61},"end":{"line":104,"column":null}}]}},"s":{"0":2,"1":2,"2":2,"3":2,"4":24,"5":24,"6":24,"7":15,"8":24,"9":2,"10":2,"11":24,"12":71,"13":2,"14":2},"f":{"0":24,"1":15,"2":2,"3":71,"4":2},"b":{"0":[4,67]}}
,"C:\\Users\\olya_\\sdaemru\\src\\components\\PhotoForm\\PhotoForm.tsx": {"path":"C:\\Users\\olya_\\sdaemru\\src\\components\\PhotoForm\\PhotoForm.tsx","statementMap":{"0":{"start":{"line":1,"column":0},"end":{"line":1,"column":51}},"1":{"start":{"line":2,"column":0},"end":{"line":2,"column":45}},"2":{"start":{"line":16,"column":50},"end":{"line":102,"column":1}},"3":{"start":{"line":24,"column":36},"end":{"line":24,"column":56}},"4":{"start":{"line":25,"column":50},"end":{"line":25,"column":72}},"5":{"start":{"line":26,"column":15},"end":{"line":26,"column":62}},"6":{"start":{"line":28,"column":2},"end":{"line":33,"column":28}},"7":{"start":{"line":29,"column":4},"end":{"line":32,"column":5}},"8":{"start":{"line":30,"column":6},"end":{"line":30,"column":43}},"9":{"start":{"line":31,"column":6},"end":{"line":31,"column":56}},"10":{"start":{"line":35,"column":32},"end":{"line":47,"column":3}},"11":{"start":{"line":38,"column":17},"end":{"line":38,"column":60}},"12":{"start":{"line":39,"column":4},"end":{"line":46,"column":5}},"13":{"start":{"line":40,"column":27},"end":{"line":40,"column":52}},"14":{"start":{"line":41,"column":6},"end":{"line":41,"column":33}},"15":{"start":{"line":42,"column":6},"end":{"line":45,"column":9}},"16":{"start":{"line":49,"column":38},"end":{"line":64,"column":3}},"17":{"start":{"line":53,"column":17},"end":{"line":53,"column":60}},"18":{"start":{"line":54,"column":4},"end":{"line":63,"column":5}},"19":{"start":{"line":55,"column":27},"end":{"line":55,"column":52}},"20":{"start":{"line":56,"column":38},"end":{"line":56,"column":59}},"21":{"start":{"line":57,"column":6},"end":{"line":57,"column":52}},"22":{"start":{"line":58,"column":6},"end":{"line":58,"column":51}},"23":{"start":{"line":59,"column":6},"end":{"line":62,"column":9}},"24":{"start":{"line":66,"column":2},"end":{"line":101,"column":4}},"25":{"start":{"line":84,"column":10},"end":{"line":84,"column":null}},"26":{"start":{"line":87,"column":31},"end":{"line":87,"column":68}},"27":{"start":{"line":16,"column":13},"end":{"line":16,"column":50}}},"fnMap":{"0":{"name":"(anonymous_1)","decl":{"start":{"line":16,"column":50},"end":{"line":16,"column":51}},"loc":{"start":{"line":23,"column":5},"end":{"line":102,"column":1}}},"1":{"name":"(anonymous_2)","decl":{"start":{"line":28,"column":12},"end":{"line":28,"column":15}},"loc":{"start":{"line":28,"column":17},"end":{"line":33,"column":3}}},"2":{"name":"(anonymous_3)","decl":{"start":{"line":35,"column":32},"end":{"line":35,"column":null}},"loc":{"start":{"line":37,"column":6},"end":{"line":47,"column":3}}},"3":{"name":"(anonymous_4)","decl":{"start":{"line":49,"column":38},"end":{"line":49,"column":null}},"loc":{"start":{"line":52,"column":6},"end":{"line":64,"column":3}}},"4":{"name":"(anonymous_5)","decl":{"start":{"line":83,"column":23},"end":{"line":83,"column":24}},"loc":{"start":{"line":84,"column":10},"end":{"line":84,"column":null}}},"5":{"name":"(anonymous_6)","decl":{"start":{"line":87,"column":24},"end":{"line":87,"column":25}},"loc":{"start":{"line":87,"column":31},"end":{"line":87,"column":68}}}},"branchMap":{"0":{"loc":{"start":{"line":29,"column":4},"end":{"line":32,"column":5}},"type":"if","locations":[{"start":{"line":29,"column":4},"end":{"line":32,"column":5}}]},"1":{"loc":{"start":{"line":29,"column":8},"end":{"line":29,"column":61}},"type":"binary-expr","locations":[{"start":{"line":29,"column":8},"end":{"line":29,"column":27}},{"start":{"line":29,"column":31},"end":{"line":29,"column":61}}]},"2":{"loc":{"start":{"line":38,"column":17},"end":{"line":38,"column":60}},"type":"binary-expr","locations":[{"start":{"line":38,"column":17},"end":{"line":38,"column":35}},{"start":{"line":38,"column":39},"end":{"line":38,"column":60}}]},"3":{"loc":{"start":{"line":39,"column":4},"end":{"line":46,"column":5}},"type":"if","locations":[{"start":{"line":39,"column":4},"end":{"line":46,"column":5}}]},"4":{"loc":{"start":{"line":53,"column":17},"end":{"line":53,"column":60}},"type":"binary-expr","locations":[{"start":{"line":53,"column":17},"end":{"line":53,"column":35}},{"start":{"line":53,"column":39},"end":{"line":53,"column":60}}]},"5":{"loc":{"start":{"line":54,"column":4},"end":{"line":63,"column":5}},"type":"if","locations":[{"start":{"line":54,"column":4},"end":{"line":63,"column":5}}]},"6":{"loc":{"start":{"line":79,"column":9},"end":{"line":79,"column":56}},"type":"binary-expr","locations":[{"start":{"line":79,"column":9},"end":{"line":79,"column":18}},{"start":{"line":79,"column":22},"end":{"line":79,"column":56}}]},"7":{"loc":{"start":{"line":91,"column":13},"end":{"line":95,"column":null}},"type":"binary-expr","locations":[{"start":{"line":91,"column":13},"end":{"line":91,"column":36}},{"start":{"line":92,"column":14},"end":{"line":94,"column":null}}]}},"s":{"0":2,"1":2,"2":2,"3":30,"4":30,"5":30,"6":30,"7":15,"8":12,"9":12,"10":30,"11":2,"12":2,"13":2,"14":2,"15":2,"16":30,"17":3,"18":3,"19":3,"20":3,"21":3,"22":3,"23":3,"24":30,"25":90,"26":3,"27":2},"f":{"0":30,"1":15,"2":2,"3":3,"4":90,"5":3},"b":{"0":[12],"1":[15,15],"2":[2,2],"3":[2],"4":[3,3],"5":[3],"6":[30,11],"7":[90,15]}}
,"C:\\Users\\olya_\\sdaemru\\src\\components\\PriceForm\\PriceForm.tsx": {"path":"C:\\Users\\olya_\\sdaemru\\src\\components\\PriceForm\\PriceForm.tsx","statementMap":{"0":{"start":{"line":2,"column":0},"end":{"line":2,"column":45}},"1":{"start":{"line":13,"column":50},"end":{"line":45,"column":1}},"2":{"start":{"line":17,"column":2},"end":{"line":17,"column":40}},"3":{"start":{"line":18,"column":2},"end":{"line":44,"column":4}},"4":{"start":{"line":36,"column":12},"end":{"line":39,"column":15}},"5":{"start":{"line":13,"column":13},"end":{"line":13,"column":50}}},"fnMap":{"0":{"name":"(anonymous_1)","decl":{"start":{"line":13,"column":50},"end":{"line":13,"column":51}},"loc":{"start":{"line":16,"column":5},"end":{"line":45,"column":1}}},"1":{"name":"(anonymous_2)","decl":{"start":{"line":35,"column":20},"end":{"line":35,"column":21}},"loc":{"start":{"line":35,"column":26},"end":{"line":40,"column":11}}}},"branchMap":{"0":{"loc":{"start":{"line":31,"column":12},"end":{"line":31,"column":80}},"type":"cond-expr","locations":[{"start":{"line":31,"column":48},"end":{"line":31,"column":50}},{"start":{"line":31,"column":53},"end":{"line":31,"column":80}}]}},"s":{"0":2,"1":2,"2":15,"3":15,"4":4,"5":2},"f":{"0":15,"1":4},"b":{"0":[15,0]}}
,"C:\\Users\\olya_\\sdaemru\\src\\components\\Search\\Search.tsx": {"path":"C:\\Users\\olya_\\sdaemru\\src\\components\\Search\\Search.tsx","statementMap":{"0":{"start":{"line":1,"column":0},"end":{"line":1,"column":42}},"1":{"start":{"line":2,"column":0},"end":{"line":2,"column":36}},"2":{"start":{"line":4,"column":22},"end":{"line":13,"column":1}},"3":{"start":{"line":5,"column":2},"end":{"line":12,"column":4}},"4":{"start":{"line":4,"column":13},"end":{"line":4,"column":22}}},"fnMap":{"0":{"name":"(anonymous_1)","decl":{"start":{"line":4,"column":22},"end":{"line":4,"column":25}},"loc":{"start":{"line":4,"column":27},"end":{"line":13,"column":1}}}},"branchMap":{},"s":{"0":1,"1":1,"2":1,"3":1,"4":1},"f":{"0":1},"b":{}}
,"C:\\Users\\olya_\\sdaemru\\src\\components\\Slider\\Slider.tsx": {"path":"C:\\Users\\olya_\\sdaemru\\src\\components\\Slider\\Slider.tsx","statementMap":{"0":{"start":{"line":1,"column":0},"end":{"line":1,"column":33}},"1":{"start":{"line":2,"column":0},"end":{"line":2,"column":42}},"2":{"start":{"line":3,"column":0},"end":{"line":3,"column":61}},"3":{"start":{"line":9,"column":44},"end":{"line":48,"column":1}},"4":{"start":{"line":10,"column":50},"end":{"line":10,"column":61}},"5":{"start":{"line":12,"column":20},"end":{"line":16,"column":3}},"6":{"start":{"line":13,"column":4},"end":{"line":15,"column":5}},"7":{"start":{"line":14,"column":6},"end":{"line":14,"column":48}},"8":{"start":{"line":18,"column":20},"end":{"line":22,"column":3}},"9":{"start":{"line":19,"column":4},"end":{"line":21,"column":5}},"10":{"start":{"line":20,"column":6},"end":{"line":20,"column":48}},"11":{"start":{"line":24,"column":25},"end":{"line":24,"column":62}},"12":{"start":{"line":25,"column":25},"end":{"line":25,"column":47}},"13":{"start":{"line":27,"column":2},"end":{"line":47,"column":4}},"14":{"start":{"line":9,"column":13},"end":{"line":9,"column":44}}},"fnMap":{"0":{"name":"(anonymous_1)","decl":{"start":{"line":9,"column":44},"end":{"line":9,"column":45}},"loc":{"start":{"line":9,"column":58},"end":{"line":48,"column":1}}},"1":{"name":"(anonymous_2)","decl":{"start":{"line":12,"column":20},"end":{"line":12,"column":23}},"loc":{"start":{"line":12,"column":25},"end":{"line":16,"column":3}}},"2":{"name":"(anonymous_3)","decl":{"start":{"line":18,"column":20},"end":{"line":18,"column":23}},"loc":{"start":{"line":18,"column":25},"end":{"line":22,"column":3}}}},"branchMap":{"0":{"loc":{"start":{"line":13,"column":4},"end":{"line":15,"column":5}},"type":"if","locations":[{"start":{"line":13,"column":4},"end":{"line":15,"column":5}}]},"1":{"loc":{"start":{"line":19,"column":4},"end":{"line":21,"column":5}},"type":"if","locations":[{"start":{"line":19,"column":4},"end":{"line":21,"column":5}}]},"2":{"loc":{"start":{"line":31,"column":18},"end":{"line":31,"column":47}},"type":"cond-expr","locations":[{"start":{"line":31,"column":35},"end":{"line":31,"column":40}},{"start":{"line":31,"column":43},"end":{"line":31,"column":47}}]},"3":{"loc":{"start":{"line":41,"column":18},"end":{"line":41,"column":47}},"type":"cond-expr","locations":[{"start":{"line":41,"column":35},"end":{"line":41,"column":40}},{"start":{"line":41,"column":43},"end":{"line":41,"column":47}}]}},"s":{"0":3,"1":3,"2":3,"3":3,"4":14,"5":14,"6":4,"7":4,"8":14,"9":0,"10":0,"11":14,"12":14,"13":14,"14":3},"f":{"0":14,"1":4,"2":0},"b":{"0":[4],"1":[0],"2":[4,10],"3":[13,1]}}
,"C:\\Users\\olya_\\sdaemru\\src\\components\\Tabs\\Tabs.tsx": {"path":"C:\\Users\\olya_\\sdaemru\\src\\components\\Tabs\\Tabs.tsx","statementMap":{"0":{"start":{"line":1,"column":0},"end":{"line":1,"column":33}},"1":{"start":{"line":2,"column":0},"end":{"line":2,"column":40}},"2":{"start":{"line":3,"column":0},"end":{"line":3,"column":41}},"3":{"start":{"line":4,"column":0},"end":{"line":4,"column":47}},"4":{"start":{"line":5,"column":0},"end":{"line":5,"column":64}},"5":{"start":{"line":6,"column":0},"end":{"line":6,"column":45}},"6":{"start":{"line":8,"column":19},"end":{"line":8,"column":51}},"7":{"start":{"line":42,"column":45},"end":{"line":101,"column":2}},"8":{"start":{"line":103,"column":20},"end":{"line":260,"column":1}},"9":{"start":{"line":104,"column":46},"end":{"line":104,"column":66}},"10":{"start":{"line":105,"column":36},"end":{"line":105,"column":48}},"11":{"start":{"line":106,"column":32},"end":{"line":106,"column":44}},"12":{"start":{"line":107,"column":46},"end":{"line":107,"column":58}},"13":{"start":{"line":108,"column":40},"end":{"line":108,"column":54}},"14":{"start":{"line":109,"column":19},"end":{"line":109,"column":32}},"15":{"start":{"line":111,"column":19},"end":{"line":111,"column":35}},"16":{"start":{"line":112,"column":31},"end":{"line":113,"column":null}},"17":{"start":{"line":113,"column":18},"end":{"line":113,"column":50}},"18":{"start":{"line":116,"column":29},"end":{"line":119,"column":3}},"19":{"start":{"line":117,"column":4},"end":{"line":117,"column":34}},"20":{"start":{"line":118,"column":4},"end":{"line":118,"column":26}},"21":{"start":{"line":121,"column":18},"end":{"line":146,"column":3}},"22":{"start":{"line":122,"column":4},"end":{"line":135,"column":5}},"23":{"start":{"line":123,"column":20},"end":{"line":125,"column":14}},"24":{"start":{"line":124,"column":16},"end":{"line":124,"column":42}},"25":{"start":{"line":127,"column":6},"end":{"line":134,"column":7}},"26":{"start":{"line":128,"column":8},"end":{"line":133,"column":10}},"27":{"start":{"line":137,"column":4},"end":{"line":141,"column":5}},"28":{"start":{"line":138,"column":6},"end":{"line":140,"column":8}},"29":{"start":{"line":143,"column":4},"end":{"line":145,"column":5}},"30":{"start":{"line":144,"column":6},"end":{"line":144,"column":55}},"31":{"start":{"line":147,"column":2},"end":{"line":259,"column":4}},"32":{"start":{"line":151,"column":10},"end":{"line":152,"column":null}},"33":{"start":{"line":157,"column":14},"end":{"line":157,"column":36}},"34":{"start":{"line":158,"column":14},"end":{"line":158,"column":36}},"35":{"start":{"line":174,"column":16},"end":{"line":174,"column":45}},"36":{"start":{"line":209,"column":18},"end":{"line":210,"column":null}},"37":{"start":{"line":212,"column":35},"end":{"line":212,"column":62}},"38":{"start":{"line":228,"column":18},"end":{"line":228,"column":47}},"39":{"start":{"line":239,"column":18},"end":{"line":239,"column":45}},"40":{"start":{"line":103,"column":13},"end":{"line":103,"column":20}}},"fnMap":{"0":{"name":"(anonymous_1)","decl":{"start":{"line":103,"column":20},"end":{"line":103,"column":23}},"loc":{"start":{"line":103,"column":25},"end":{"line":260,"column":1}}},"1":{"name":"(anonymous_2)","decl":{"start":{"line":113,"column":4},"end":{"line":113,"column":5}},"loc":{"start":{"line":113,"column":18},"end":{"line":113,"column":50}}},"2":{"name":"(anonymous_3)","decl":{"start":{"line":116,"column":29},"end":{"line":116,"column":30}},"loc":{"start":{"line":116,"column":52},"end":{"line":119,"column":3}}},"3":{"name":"(anonymous_4)","decl":{"start":{"line":121,"column":18},"end":{"line":121,"column":21}},"loc":{"start":{"line":121,"column":23},"end":{"line":146,"column":3}}},"4":{"name":"(anonymous_5)","decl":{"start":{"line":124,"column":8},"end":{"line":124,"column":9}},"loc":{"start":{"line":124,"column":16},"end":{"line":124,"column":42}}},"5":{"name":"(anonymous_6)","decl":{"start":{"line":150,"column":24},"end":{"line":150,"column":25}},"loc":{"start":{"line":151,"column":10},"end":{"line":152,"column":null}}},"6":{"name":"(anonymous_7)","decl":{"start":{"line":156,"column":21},"end":{"line":156,"column":24}},"loc":{"start":{"line":156,"column":26},"end":{"line":159,"column":13}}},"7":{"name":"(anonymous_8)","decl":{"start":{"line":173,"column":23},"end":{"line":173,"column":26}},"loc":{"start":{"line":173,"column":28},"end":{"line":175,"column":15}}},"8":{"name":"(anonymous_9)","decl":{"start":{"line":208,"column":49},"end":{"line":208,"column":50}},"loc":{"start":{"line":209,"column":18},"end":{"line":210,"column":null}}},"9":{"name":"(anonymous_10)","decl":{"start":{"line":212,"column":29},"end":{"line":212,"column":32}},"loc":{"start":{"line":212,"column":35},"end":{"line":212,"column":62}}},"10":{"name":"(anonymous_11)","decl":{"start":{"line":227,"column":26},"end":{"line":227,"column":27}},"loc":{"start":{"line":227,"column":32},"end":{"line":229,"column":17}}},"11":{"name":"(anonymous_12)","decl":{"start":{"line":238,"column":26},"end":{"line":238,"column":27}},"loc":{"start":{"line":238,"column":32},"end":{"line":240,"column":17}}}},"branchMap":{"0":{"loc":{"start":{"line":122,"column":4},"end":{"line":135,"column":5}},"type":"if","locations":[{"start":{"line":122,"column":4},"end":{"line":135,"column":5}}]},"1":{"loc":{"start":{"line":122,"column":8},"end":{"line":122,"column":46}},"type":"binary-expr","locations":[{"start":{"line":122,"column":8},"end":{"line":122,"column":22}},{"start":{"line":122,"column":26},"end":{"line":122,"column":46}}]},"2":{"loc":{"start":{"line":127,"column":6},"end":{"line":134,"column":7}},"type":"if","locations":[{"start":{"line":127,"column":6},"end":{"line":134,"column":7}}]},"3":{"loc":{"start":{"line":137,"column":4},"end":{"line":141,"column":5}},"type":"if","locations":[{"start":{"line":137,"column":4},"end":{"line":141,"column":5}}]},"4":{"loc":{"start":{"line":137,"column":8},"end":{"line":137,"column":42}},"type":"binary-expr","locations":[{"start":{"line":137,"column":8},"end":{"line":137,"column":24}},{"start":{"line":137,"column":28},"end":{"line":137,"column":42}}]},"5":{"loc":{"start":{"line":143,"column":4},"end":{"line":145,"column":5}},"type":"if","locations":[{"start":{"line":143,"column":4},"end":{"line":145,"column":5}}]},"6":{"loc":{"start":{"line":154,"column":14},"end":{"line":154,"column":null}},"type":"cond-expr","locations":[{"start":{"line":154,"column":38},"end":{"line":154,"column":51}},{"start":{"line":154,"column":54},"end":{"line":154,"column":null}}]},"7":{"loc":{"start":{"line":178,"column":17},"end":{"line":182,"column":48}},"type":"cond-expr","locations":[{"start":{"line":179,"column":20},"end":{"line":181,"column":32}},{"start":{"line":182,"column":20},"end":{"line":182,"column":48}}]},"8":{"loc":{"start":{"line":179,"column":20},"end":{"line":181,"column":32}},"type":"cond-expr","locations":[{"start":{"line":180,"column":22},"end":{"line":180,"column":55}},{"start":{"line":181,"column":22},"end":{"line":181,"column":32}}]},"9":{"loc":{"start":{"line":182,"column":20},"end":{"line":182,"column":48}},"type":"binary-expr","locations":[{"start":{"line":182,"column":20},"end":{"line":182,"column":34}},{"start":{"line":182,"column":38},"end":{"line":182,"column":48}}]},"10":{"loc":{"start":{"line":206,"column":13},"end":{"line":219,"column":null}},"type":"binary-expr","locations":[{"start":{"line":206,"column":13},"end":{"line":206,"column":24}},{"start":{"line":207,"column":14},"end":{"line":218,"column":null}}]},"11":{"loc":{"start":{"line":214,"column":21},"end":{"line":216,"column":31}},"type":"cond-expr","locations":[{"start":{"line":215,"column":24},"end":{"line":215,"column":50}},{"start":{"line":216,"column":24},"end":{"line":216,"column":31}}]}},"s":{"0":2,"1":2,"2":2,"3":2,"4":2,"5":2,"6":2,"7":2,"8":2,"9":16,"10":16,"11":16,"12":16,"13":16,"14":16,"15":16,"16":16,"17":17,"18":16,"19":1,"20":1,"21":16,"22":1,"23":0,"24":0,"25":0,"26":0,"27":1,"28":0,"29":1,"30":1,"31":16,"32":48,"33":1,"34":1,"35":0,"36":45,"37":1,"38":4,"39":4,"40":2},"f":{"0":16,"1":17,"2":1,"3":1,"4":0,"5":48,"6":1,"7":0,"8":45,"9":1,"10":4,"11":4},"b":{"0":[0],"1":[1,0],"2":[0],"3":[0],"4":[1,0],"5":[1],"6":[16,32],"7":[15,1],"8":[1,14],"9":[1,1],"10":[16,15],"11":[42,3]}}
,"C:\\Users\\olya_\\sdaemru\\src\\components\\UpperHeader\\UpperHeader.tsx": {"path":"C:\\Users\\olya_\\sdaemru\\src\\components\\UpperHeader\\UpperHeader.tsx","statementMap":{"0":{"start":{"line":1,"column":0},"end":{"line":1,"column":41}},"1":{"start":{"line":2,"column":0},"end":{"line":2,"column":47}},"2":{"start":{"line":4,"column":24},"end":{"line":4,"column":70}},"3":{"start":{"line":6,"column":27},"end":{"line":25,"column":1}},"4":{"start":{"line":7,"column":2},"end":{"line":24,"column":4}},"5":{"start":{"line":11,"column":10},"end":{"line":11,"column":null}},"6":{"start":{"line":6,"column":13},"end":{"line":6,"column":27}}},"fnMap":{"0":{"name":"(anonymous_1)","decl":{"start":{"line":6,"column":27},"end":{"line":6,"column":30}},"loc":{"start":{"line":6,"column":32},"end":{"line":25,"column":1}}},"1":{"name":"(anonymous_2)","decl":{"start":{"line":10,"column":29},"end":{"line":10,"column":30}},"loc":{"start":{"line":11,"column":10},"end":{"line":11,"column":null}}}},"branchMap":{"0":{"loc":{"start":{"line":12,"column":13},"end":{"line":17,"column":null}},"type":"cond-expr","locations":[{"start":{"line":13,"column":14},"end":{"line":14,"column":null}},{"start":{"line":17,"column":14},"end":{"line":17,"column":16}}]}},"s":{"0":2,"1":2,"2":2,"3":2,"4":5,"5":15,"6":2},"f":{"0":5,"1":15},"b":{"0":[5,10]}}
,"C:\\Users\\olya_\\sdaemru\\src\\components\\UpperMiddle\\UpperMiddle.tsx": {"path":"C:\\Users\\olya_\\sdaemru\\src\\components\\UpperMiddle\\UpperMiddle.tsx","statementMap":{"0":{"start":{"line":1,"column":0},"end":{"line":1,"column":47}},"1":{"start":{"line":2,"column":0},"end":{"line":2,"column":47}},"2":{"start":{"line":4,"column":16},"end":{"line":4,"column":54}},"3":{"start":{"line":6,"column":27},"end":{"line":26,"column":1}},"4":{"start":{"line":7,"column":19},"end":{"line":7,"column":32}},"5":{"start":{"line":9,"column":28},"end":{"line":13,"column":3}},"6":{"start":{"line":10,"column":4},"end":{"line":12,"column":5}},"7":{"start":{"line":11,"column":6},"end":{"line":11,"column":30}},"8":{"start":{"line":15,"column":2},"end":{"line":25,"column":4}},"9":{"start":{"line":19,"column":10},"end":{"line":19,"column":23}},"10":{"start":{"line":19,"column":38},"end":{"line":19,"column":59}},"11":{"start":{"line":6,"column":13},"end":{"line":6,"column":27}}},"fnMap":{"0":{"name":"(anonymous_1)","decl":{"start":{"line":6,"column":27},"end":{"line":6,"column":30}},"loc":{"start":{"line":6,"column":32},"end":{"line":26,"column":1}}},"1":{"name":"(anonymous_2)","decl":{"start":{"line":9,"column":28},"end":{"line":9,"column":29}},"loc":{"start":{"line":9,"column":47},"end":{"line":13,"column":3}}},"2":{"name":"(anonymous_3)","decl":{"start":{"line":18,"column":21},"end":{"line":18,"column":22}},"loc":{"start":{"line":19,"column":10},"end":{"line":19,"column":23}}},"3":{"name":"(anonymous_4)","decl":{"start":{"line":19,"column":32},"end":{"line":19,"column":35}},"loc":{"start":{"line":19,"column":38},"end":{"line":19,"column":59}}}},"branchMap":{"0":{"loc":{"start":{"line":10,"column":4},"end":{"line":12,"column":5}},"type":"if","locations":[{"start":{"line":10,"column":4},"end":{"line":12,"column":5}}]}},"s":{"0":2,"1":2,"2":2,"3":2,"4":6,"5":6,"6":1,"7":1,"8":6,"9":12,"10":1,"11":2},"f":{"0":6,"1":1,"2":12,"3":1},"b":{"0":[1]}}
,"C:\\Users\\olya_\\sdaemru\\src\\pages\\AddListing.tsx": {"path":"C:\\Users\\olya_\\sdaemru\\src\\pages\\AddListing.tsx","statementMap":{"0":{"start":{"line":1,"column":0},"end":{"line":1,"column":52}},"1":{"start":{"line":2,"column":0},"end":{"line":2,"column":79}},"2":{"start":{"line":7,"column":0},"end":{"line":7,"column":52}},"3":{"start":{"line":8,"column":0},"end":{"line":8,"column":42}},"4":{"start":{"line":15,"column":31},"end":{"line":61,"column":2}},"5":{"start":{"line":63,"column":24},"end":{"line":67,"column":2}},"6":{"start":{"line":69,"column":23},"end":{"line":73,"column":2}},"7":{"start":{"line":75,"column":26},"end":{"line":204,"column":1}},"8":{"start":{"line":76,"column":46},"end":{"line":76,"column":66}},"9":{"start":{"line":77,"column":19},"end":{"line":77,"column":35}},"10":{"start":{"line":78,"column":23},"end":{"line":78,"column":60}},"11":{"start":{"line":79,"column":26},"end":{"line":92,"column":3}},"12":{"start":{"line":80,"column":4},"end":{"line":82,"column":5}},"13":{"start":{"line":81,"column":6},"end":{"line":81,"column":38}},"14":{"start":{"line":83,"column":4},"end":{"line":85,"column":5}},"15":{"start":{"line":84,"column":6},"end":{"line":84,"column":40}},"16":{"start":{"line":86,"column":4},"end":{"line":88,"column":5}},"17":{"start":{"line":87,"column":6},"end":{"line":87,"column":39}},"18":{"start":{"line":89,"column":4},"end":{"line":91,"column":5}},"19":{"start":{"line":90,"column":6},"end":{"line":90,"column":40}},"20":{"start":{"line":93,"column":25},"end":{"line":93,"column":62}},"21":{"start":{"line":94,"column":24},"end":{"line":94,"column":61}},"22":{"start":{"line":95,"column":25},"end":{"line":95,"column":62}},"23":{"start":{"line":97,"column":40},"end":{"line":97,"column":55}},"24":{"start":{"line":99,"column":28},"end":{"line":101,"column":null}},"25":{"start":{"line":101,"column":6},"end":{"line":101,"column":77}},"26":{"start":{"line":103,"column":44},"end":{"line":104,"column":null}},"27":{"start":{"line":106,"column":17},"end":{"line":106,"column":50}},"28":{"start":{"line":108,"column":20},"end":{"line":108,"column":64}},"29":{"start":{"line":108,"column":54},"end":{"line":108,"column":63}},"30":{"start":{"line":110,"column":22},"end":{"line":132,"column":3}},"31":{"start":{"line":111,"column":4},"end":{"line":131,"column":5}},"32":{"start":{"line":121,"column":6},"end":{"line":126,"column":8}},"33":{"start":{"line":127,"column":6},"end":{"line":127,"column":54}},"34":{"start":{"line":128,"column":6},"end":{"line":128,"column":24}},"35":{"start":{"line":130,"column":6},"end":{"line":130,"column":27}},"36":{"start":{"line":134,"column":2},"end":{"line":142,"column":20}},"37":{"start":{"line":136,"column":4},"end":{"line":140,"column":5}},"38":{"start":{"line":137,"column":6},"end":{"line":139,"column":15}},"39":{"start":{"line":138,"column":8},"end":{"line":138,"column":30}},"40":{"start":{"line":141,"column":4},"end":{"line":141,"column":37}},"41":{"start":{"line":141,"column":17},"end":{"line":141,"column":36}},"42":{"start":{"line":144,"column":2},"end":{"line":203,"column":4}},"43":{"start":{"line":149,"column":12},"end":{"line":150,"column":null}},"44":{"start":{"line":152,"column":16},"end":{"line":152,"column":41}},"45":{"start":{"line":153,"column":16},"end":{"line":153,"column":64}},"46":{"start":{"line":75,"column":13},"end":{"line":75,"column":26}}},"fnMap":{"0":{"name":"(anonymous_0)","decl":{"start":{"line":75,"column":26},"end":{"line":75,"column":29}},"loc":{"start":{"line":75,"column":31},"end":{"line":204,"column":1}}},"1":{"name":"(anonymous_1)","decl":{"start":{"line":79,"column":26},"end":{"line":79,"column":29}},"loc":{"start":{"line":79,"column":31},"end":{"line":92,"column":3}}},"2":{"name":"(anonymous_2)","decl":{"start":{"line":100,"column":4},"end":{"line":100,"column":5}},"loc":{"start":{"line":101,"column":6},"end":{"line":101,"column":77}}},"3":{"name":"(anonymous_3)","decl":{"start":{"line":108,"column":46},"end":{"line":108,"column":47}},"loc":{"start":{"line":108,"column":54},"end":{"line":108,"column":63}}},"4":{"name":"(anonymous_4)","decl":{"start":{"line":110,"column":22},"end":{"line":110,"column":25}},"loc":{"start":{"line":110,"column":27},"end":{"line":132,"column":3}}},"5":{"name":"(anonymous_5)","decl":{"start":{"line":134,"column":12},"end":{"line":134,"column":15}},"loc":{"start":{"line":134,"column":17},"end":{"line":142,"column":3}}},"6":{"name":"(anonymous_6)","decl":{"start":{"line":137,"column":25},"end":{"line":137,"column":28}},"loc":{"start":{"line":137,"column":30},"end":{"line":139,"column":7}}},"7":{"name":"(anonymous_7)","decl":{"start":{"line":141,"column":11},"end":{"line":141,"column":14}},"loc":{"start":{"line":141,"column":17},"end":{"line":141,"column":36}}},"8":{"name":"(anonymous_8)","decl":{"start":{"line":148,"column":47},"end":{"line":148,"column":48}},"loc":{"start":{"line":149,"column":12},"end":{"line":150,"column":null}}},"9":{"name":"(anonymous_9)","decl":{"start":{"line":151,"column":23},"end":{"line":151,"column":26}},"loc":{"start":{"line":151,"column":28},"end":{"line":154,"column":15}}}},"branchMap":{"0":{"loc":{"start":{"line":80,"column":4},"end":{"line":82,"column":5}},"type":"if","locations":[{"start":{"line":80,"column":4},"end":{"line":82,"column":5}}]},"1":{"loc":{"start":{"line":83,"column":4},"end":{"line":85,"column":5}},"type":"if","locations":[{"start":{"line":83,"column":4},"end":{"line":85,"column":5}}]},"2":{"loc":{"start":{"line":86,"column":4},"end":{"line":88,"column":5}},"type":"if","locations":[{"start":{"line":86,"column":4},"end":{"line":88,"column":5}}]},"3":{"loc":{"start":{"line":89,"column":4},"end":{"line":91,"column":5}},"type":"if","locations":[{"start":{"line":89,"column":4},"end":{"line":91,"column":5}}]},"4":{"loc":{"start":{"line":111,"column":4},"end":{"line":131,"column":5}},"type":"if","locations":[{"start":{"line":111,"column":4},"end":{"line":131,"column":5}},{"start":{"line":129,"column":11},"end":{"line":131,"column":5}}]},"5":{"loc":{"start":{"line":112,"column":6},"end":{"line":119,"column":32}},"type":"binary-expr","locations":[{"start":{"line":112,"column":6},"end":{"line":112,"column":35}},{"start":{"line":113,"column":6},"end":{"line":113,"column":38}},{"start":{"line":114,"column":6},"end":{"line":114,"column":15}},{"start":{"line":115,"column":6},"end":{"line":115,"column":39}},{"start":{"line":116,"column":6},"end":{"line":116,"column":12}},{"start":{"line":117,"column":6},"end":{"line":117,"column":64}},{"start":{"line":118,"column":6},"end":{"line":118,"column":32}},{"start":{"line":119,"column":6},"end":{"line":119,"column":32}}]},"6":{"loc":{"start":{"line":136,"column":4},"end":{"line":140,"column":5}},"type":"if","locations":[{"start":{"line":136,"column":4},"end":{"line":140,"column":5}}]},"7":{"loc":{"start":{"line":156,"column":16},"end":{"line":156,"column":null}},"type":"cond-expr","locations":[{"start":{"line":156,"column":43},"end":{"line":156,"column":51}},{"start":{"line":156,"column":54},"end":{"line":156,"column":null}}]},"8":{"loc":{"start":{"line":194,"column":13},"end":{"line":197,"column":null}},"type":"binary-expr","locations":[{"start":{"line":194,"column":13},"end":{"line":194,"column":24}},{"start":{"line":195,"column":14},"end":{"line":195,"column":null}}]}},"s":{"0":1,"1":1,"2":1,"3":1,"4":1,"5":1,"6":1,"7":1,"8":12,"9":12,"10":12,"11":12,"12":0,"13":0,"14":0,"15":0,"16":0,"17":0,"18":0,"19":0,"20":12,"21":12,"22":12,"23":12,"24":12,"25":15,"26":12,"27":12,"28":12,"29":21,"30":12,"31":1,"32":0,"33":0,"34":0,"35":1,"36":12,"37":5,"38":1,"39":0,"40":5,"41":5,"42":12,"43":36,"44":2,"45":2,"46":1},"f":{"0":12,"1":0,"2":15,"3":21,"4":1,"5":5,"6":0,"7":5,"8":36,"9":2},"b":{"0":[0],"1":[0],"2":[0],"3":[0],"4":[0,1],"5":[1,0,0,0,0,0,0,0],"6":[1],"7":[12,24],"8":[12,1]}}
,"C:\\Users\\olya_\\sdaemru\\src\\pages\\Home.tsx": {"path":"C:\\Users\\olya_\\sdaemru\\src\\pages\\Home.tsx","statementMap":{"0":{"start":{"line":1,"column":0},"end":{"line":1,"column":53}},"1":{"start":{"line":2,"column":0},"end":{"line":2,"column":56}},"2":{"start":{"line":4,"column":20},"end":{"line":13,"column":1}},"3":{"start":{"line":5,"column":2},"end":{"line":12,"column":4}},"4":{"start":{"line":4,"column":13},"end":{"line":4,"column":20}}},"fnMap":{"0":{"name":"(anonymous_0)","decl":{"start":{"line":4,"column":20},"end":{"line":4,"column":23}},"loc":{"start":{"line":4,"column":25},"end":{"line":13,"column":1}}}},"branchMap":{},"s":{"0":1,"1":1,"2":1,"3":1,"4":1},"f":{"0":1},"b":{}}
,"C:\\Users\\olya_\\sdaemru\\src\\pages\\Listing.tsx": {"path":"C:\\Users\\olya_\\sdaemru\\src\\pages\\Listing.tsx","statementMap":{"0":{"start":{"line":1,"column":0},"end":{"line":1,"column":44}},"1":{"start":{"line":2,"column":0},"end":{"line":2,"column":71}},"2":{"start":{"line":3,"column":0},"end":{"line":3,"column":45}},"3":{"start":{"line":4,"column":0},"end":{"line":4,"column":26}},"4":{"start":{"line":6,"column":23},"end":{"line":32,"column":1}},"5":{"start":{"line":7,"column":17},"end":{"line":7,"column":28}},"6":{"start":{"line":8,"column":23},"end":{"line":8,"column":34}},"7":{"start":{"line":10,"column":32},"end":{"line":10,"column":46}},"8":{"start":{"line":11,"column":2},"end":{"line":20,"column":21}},"9":{"start":{"line":12,"column":4},"end":{"line":19,"column":9}},"10":{"start":{"line":18,"column":8},"end":{"line":18,"column":30}},"11":{"start":{"line":21,"column":2},"end":{"line":31,"column":4}},"12":{"start":{"line":6,"column":13},"end":{"line":6,"column":23}}},"fnMap":{"0":{"name":"(anonymous_1)","decl":{"start":{"line":6,"column":23},"end":{"line":6,"column":26}},"loc":{"start":{"line":6,"column":28},"end":{"line":32,"column":1}}},"1":{"name":"(anonymous_2)","decl":{"start":{"line":11,"column":12},"end":{"line":11,"column":15}},"loc":{"start":{"line":11,"column":17},"end":{"line":20,"column":3}}},"2":{"name":"(anonymous_3)","decl":{"start":{"line":17,"column":12},"end":{"line":17,"column":13}},"loc":{"start":{"line":17,"column":21},"end":{"line":19,"column":7}}}},"branchMap":{"0":{"loc":{"start":{"line":24,"column":9},"end":{"line":27,"column":null}},"type":"binary-expr","locations":[{"start":{"line":24,"column":9},"end":{"line":24,"column":16}},{"start":{"line":25,"column":10},"end":{"line":26,"column":null}}]}},"s":{"0":1,"1":1,"2":1,"3":1,"4":1,"5":2,"6":2,"7":2,"8":2,"9":1,"10":1,"11":2,"12":1},"f":{"0":2,"1":1,"2":1},"b":{"0":[2,1]}}
,"C:\\Users\\olya_\\sdaemru\\src\\store\\index.tsx": {"path":"C:\\Users\\olya_\\sdaemru\\src\\store\\index.tsx","statementMap":{"0":{"start":{"line":1,"column":0},"end":{"line":1,"column":50}},"1":{"start":{"line":2,"column":0},"end":{"line":2,"column":46}},"2":{"start":{"line":3,"column":0},"end":{"line":3,"column":77}},"3":{"start":{"line":5,"column":13},"end":{"line":9,"column":3}},"4":{"start":{"line":12,"column":30},"end":{"line":12,"column":62}},"5":{"start":{"line":12,"column":36},"end":{"line":12,"column":62}},"6":{"start":{"line":12,"column":13},"end":{"line":12,"column":30}},"7":{"start":{"line":13,"column":13},"end":{"line":13,"column":75}}},"fnMap":{"0":{"name":"(anonymous_1)","decl":{"start":{"line":12,"column":30},"end":{"line":12,"column":33}},"loc":{"start":{"line":12,"column":36},"end":{"line":12,"column":62}}}},"branchMap":{},"s":{"0":13,"1":13,"2":13,"3":13,"4":13,"5":16,"6":13,"7":13},"f":{"0":16},"b":{}}
,"C:\\Users\\olya_\\sdaemru\\src\\store\\listingsSlice.tsx": {"path":"C:\\Users\\olya_\\sdaemru\\src\\store\\listingsSlice.tsx","statementMap":{"0":{"start":{"line":1,"column":0},"end":{"line":1,"column":80}},"1":{"start":{"line":2,"column":0},"end":{"line":2,"column":26}},"2":{"start":{"line":14,"column":13},"end":{"line":37,"column":2}},"3":{"start":{"line":17,"column":53},"end":{"line":17,"column":59}},"4":{"start":{"line":19,"column":24},"end":{"line":21,"column":10}},"5":{"start":{"line":23,"column":4},"end":{"line":33,"column":5}},"6":{"start":{"line":24,"column":6},"end":{"line":27,"column":8}},"7":{"start":{"line":29,"column":6},"end":{"line":32,"column":8}},"8":{"start":{"line":35,"column":4},"end":{"line":35,"column":25}},"9":{"start":{"line":43,"column":13},"end":{"line":49,"column":2}},"10":{"start":{"line":46,"column":34},"end":{"line":46,"column":40}},"11":{"start":{"line":47,"column":4},"end":{"line":47,"column":65}},"12":{"start":{"line":62,"column":40},"end":{"line":69,"column":2}},"13":{"start":{"line":82,"column":13},"end":{"line":112,"column":3}},"14":{"start":{"line":87,"column":6},"end":{"line":87,"column":26}},"15":{"start":{"line":90,"column":6},"end":{"line":90,"column":24}},"16":{"start":{"line":99,"column":6},"end":{"line":99,"column":68}},"17":{"start":{"line":103,"column":6},"end":{"line":103,"column":55}},"18":{"start":{"line":104,"column":6},"end":{"line":104,"column":51}},"19":{"start":{"line":108,"column":4},"end":{"line":110,"column":7}},"20":{"start":{"line":109,"column":6},"end":{"line":109,"column":38}},"21":{"start":{"line":113,"column":13},"end":{"line":113,"column":null}},"22":{"start":{"line":115,"column":0},"end":{"line":115,"column":37}}},"fnMap":{"0":{"name":"(anonymous_1)","decl":{"start":{"line":16,"column":2},"end":{"line":16,"column":7}},"loc":{"start":{"line":16,"column":38},"end":{"line":36,"column":3}}},"1":{"name":"(anonymous_2)","decl":{"start":{"line":45,"column":2},"end":{"line":45,"column":7}},"loc":{"start":{"line":45,"column":34},"end":{"line":48,"column":3}}},"2":{"name":"(anonymous_3)","decl":{"start":{"line":86,"column":4},"end":{"line":86,"column":17}},"loc":{"start":{"line":86,"column":23},"end":{"line":88,"column":5}}},"3":{"name":"(anonymous_4)","decl":{"start":{"line":89,"column":4},"end":{"line":89,"column":15}},"loc":{"start":{"line":89,"column":21},"end":{"line":91,"column":5}}},"4":{"name":"(anonymous_5)","decl":{"start":{"line":92,"column":4},"end":{"line":92,"column":13}},"loc":{"start":{"line":97,"column":8},"end":{"line":100,"column":5}}},"5":{"name":"(anonymous_6)","decl":{"start":{"line":102,"column":4},"end":{"line":102,"column":12}},"loc":{"start":{"line":102,"column":52},"end":{"line":105,"column":5}}},"6":{"name":"(anonymous_7)","decl":{"start":{"line":107,"column":17},"end":{"line":107,"column":18}},"loc":{"start":{"line":107,"column":29},"end":{"line":111,"column":3}}},"7":{"name":"(anonymous_8)","decl":{"start":{"line":108,"column":45},"end":{"line":108,"column":46}},"loc":{"start":{"line":108,"column":63},"end":{"line":110,"column":5}}}},"branchMap":{"0":{"loc":{"start":{"line":19,"column":24},"end":{"line":21,"column":10}},"type":"cond-expr","locations":[{"start":{"line":20,"column":8},"end":{"line":20,"column":64}},{"start":{"line":21,"column":8},"end":{"line":21,"column":10}}]},"1":{"loc":{"start":{"line":23,"column":4},"end":{"line":33,"column":5}},"type":"if","locations":[{"start":{"line":23,"column":4},"end":{"line":33,"column":5}},{"start":{"line":28,"column":11},"end":{"line":33,"column":5}}]}},"s":{"0":13,"1":13,"2":13,"3":0,"4":0,"5":0,"6":0,"7":0,"8":0,"9":13,"10":0,"11":0,"12":13,"13":13,"14":0,"15":0,"16":0,"17":0,"18":0,"19":13,"20":0,"21":13,"22":13},"f":{"0":0,"1":0,"2":0,"3":0,"4":0,"5":0,"6":13,"7":0},"b":{"0":[0,0],"1":[0,0]}}
,"C:\\Users\\olya_\\sdaemru\\src\\utils\\testing.tsx": {"path":"C:\\Users\\olya_\\sdaemru\\src\\utils\\testing.tsx","statementMap":{"0":{"start":{"line":1,"column":0},"end":{"line":1,"column":67}},"1":{"start":{"line":2,"column":0},"end":{"line":2,"column":63}},"2":{"start":{"line":4,"column":0},"end":{"line":4,"column":39}},"3":{"start":{"line":5,"column":0},"end":{"line":5,"column":33}},"4":{"start":{"line":11,"column":32},"end":{"line":22,"column":1}},"5":{"start":{"line":15,"column":18},"end":{"line":18,"column":null}},"6":{"start":{"line":16,"column":4},"end":{"line":17,"column":null}},"7":{"start":{"line":21,"column":2},"end":{"line":21,"column":61}},"8":{"start":{"line":11,"column":13},"end":{"line":11,"column":32}}},"fnMap":{"0":{"name":"(anonymous_0)","decl":{"start":{"line":11,"column":32},"end":{"line":11,"column":null}},"loc":{"start":{"line":14,"column":4},"end":{"line":22,"column":1}}},"1":{"name":"(anonymous_1)","decl":{"start":{"line":15,"column":18},"end":{"line":15,"column":19}},"loc":{"start":{"line":16,"column":4},"end":{"line":17,"column":null}}}},"branchMap":{"0":{"loc":{"start":{"line":13,"column":2},"end":{"line":13,"column":39}},"type":"default-arg","locations":[{"start":{"line":13,"column":37},"end":{"line":13,"column":39}}]}},"s":{"0":13,"1":13,"2":13,"3":13,"4":13,"5":29,"6":29,"7":29,"8":13},"f":{"0":29,"1":29},"b":{"0":[25]}}
}
