TN:
SF:src\App.tsx
FN:14,App
FNF:1
FNH:1
FNDA:4,App
DA:1,1
DA:2,1
DA:3,1
DA:4,1
DA:6,1
DA:7,1
DA:8,1
DA:9,1
DA:11,1
DA:12,1
DA:15,4
DA:34,1
LF:12
LH:12
BRF:0
BRH:0
end_of_record
TN:
SF:src\components\AddListingForm\AddListingForms.tsx
FN:22,(anonymous_0)
FNF:1
FNH:1
FNDA:13,(anonymous_0)
DA:2,2
DA:3,2
DA:4,2
DA:5,2
DA:6,2
DA:22,2
DA:32,13
LF:7
LH:7
BRF:0
BRH:0
end_of_record
TN:
SF:src\components\AdressForm\AdressForm.tsx
FN:233,(anonymous_1)
FN:241,(anonymous_2)
FN:250,(anonymous_3)
FN:253,(anonymous_4)
FN:260,(anonymous_5)
FN:262,(anonymous_6)
FN:281,(anonymous_7)
FN:293,(anonymous_8)
FN:296,(anonymous_9)
FN:313,(anonymous_10)
FN:320,(anonymous_11)
FNF:11
FNH:10
FNDA:22,(anonymous_1)
FNDA:2,(anonymous_2)
FNDA:2,(anonymous_3)
FNDA:0,(anonymous_4)
FNDA:22,(anonymous_5)
FNDA:22,(anonymous_6)
FNDA:2,(anonymous_7)
FNDA:2,(anonymous_8)
FNDA:1,(anonymous_9)
FNDA:2,(anonymous_10)
FNDA:4400,(anonymous_11)
DA:1,2
DA:2,2
DA:3,2
DA:4,2
DA:29,2
DA:233,2
DA:237,22
DA:238,22
DA:239,22
DA:241,22
DA:242,2
DA:243,2
DA:251,2
DA:253,0
DA:255,0
DA:258,22
DA:260,22
DA:261,22
DA:262,22
DA:263,22
DA:267,22
DA:282,2
DA:283,2
DA:294,2
DA:297,1
DA:298,1
DA:302,1
DA:314,2
DA:315,2
DA:321,4400
LF:30
LH:28
BRDA:242,0,0,2
BRDA:242,0,1,0
BRDA:291,1,0,22
BRDA:291,1,1,2
BRF:4
BRH:3
end_of_record
TN:
SF:src\components\DescForm\DescForm.tsx
FN:12,(anonymous_1)
FN:37,(anonymous_2)
FN:54,(anonymous_3)
FNF:3
FNH:3
FNDA:15,(anonymous_1)
FNDA:2,(anonymous_2)
FNDA:2,(anonymous_3)
DA:2,2
DA:12,2
DA:16,15
DA:17,15
DA:38,2
DA:55,2
LF:6
LH:6
BRDA:36,0,0,15
BRDA:36,0,1,12
BRF:2
BRH:2
end_of_record
TN:
SF:src\components\Footer\Footer.tsx
FN:6,(anonymous_1)
FN:20,(anonymous_2)
FNF:2
FNH:2
FNDA:5,(anonymous_1)
FNDA:15,(anonymous_2)
DA:1,2
DA:2,2
DA:4,2
DA:6,2
DA:7,5
DA:21,15
LF:6
LH:6
BRF:0
BRH:0
end_of_record
TN:
SF:src\components\Gallery\Gallery.tsx
FN:26,(anonymous_1)
FN:32,(anonymous_2)
FN:44,(anonymous_3)
FNF:3
FNH:2
FNDA:1,(anonymous_1)
FNDA:3,(anonymous_2)
FNDA:0,(anonymous_3)
DA:1,1
DA:3,1
DA:5,1
DA:26,1
DA:27,1
DA:28,1
DA:33,3
DA:45,0
LF:8
LH:7
BRF:0
BRH:0
end_of_record
TN:
SF:src\components\Header\Header.tsx
FN:6,(anonymous_1)
FN:14,(anonymous_2)
FN:28,(anonymous_3)
FN:34,(anonymous_4)
FN:40,(anonymous_5)
FN:49,(anonymous_6)
FN:55,(anonymous_7)
FN:61,(anonymous_8)
FN:66,(anonymous_9)
FN:71,(anonymous_10)
FNF:10
FNH:1
FNDA:5,(anonymous_1)
FNDA:0,(anonymous_2)
FNDA:0,(anonymous_3)
FNDA:0,(anonymous_4)
FNDA:0,(anonymous_5)
FNDA:0,(anonymous_6)
FNDA:0,(anonymous_7)
FNDA:0,(anonymous_8)
FNDA:0,(anonymous_9)
FNDA:0,(anonymous_10)
DA:1,2
DA:2,2
DA:3,2
DA:4,2
DA:6,2
DA:7,5
DA:8,5
DA:9,5
DA:11,5
DA:15,0
DA:28,0
DA:34,0
DA:40,0
DA:49,0
DA:55,0
DA:61,0
DA:66,0
DA:71,0
LF:18
LH:9
BRDA:23,0,0,0
BRDA:23,0,1,5
BRF:2
BRH:1
end_of_record
TN:
SF:src\components\ListingDesc\ListingDesc.tsx
FN:9,(anonymous_1)
FNF:1
FNH:1
FNDA:13,(anonymous_1)
DA:1,3
DA:2,3
DA:9,3
DA:10,13
LF:4
LH:4
BRDA:37,0,0,13
BRDA:37,0,1,13
BRF:2
BRH:2
end_of_record
TN:
SF:src\components\ListingUpper\ListingUpper.tsx
FN:17,(anonymous_1)
FN:32,(anonymous_2)
FN:33,(anonymous_3)
FN:64,(anonymous_4)
FN:70,(anonymous_5)
FNF:5
FNH:5
FNDA:6,(anonymous_1)
FNDA:4,(anonymous_2)
FNDA:4,(anonymous_3)
FNDA:12,(anonymous_4)
FNDA:1,(anonymous_5)
DA:1,2
DA:2,2
DA:3,2
DA:4,2
DA:5,2
DA:7,2
DA:8,2
DA:10,2
DA:11,2
DA:17,2
DA:18,6
DA:19,6
DA:24,6
DA:32,6
DA:33,4
DA:34,4
DA:35,4
DA:40,4
DA:41,2
DA:42,1
DA:45,2
DA:49,4
DA:50,4
DA:54,6
DA:58,6
DA:60,6
DA:65,12
DA:70,1
LF:28
LH:28
BRDA:41,0,0,1
BRDA:49,1,0,4
BRDA:68,2,0,6
BRDA:68,2,1,6
BRDA:112,3,0,6
BRDA:112,3,1,1
BRDA:112,3,2,1
BRDA:112,3,3,1
BRDA:133,4,0,6
BRDA:133,4,1,1
BRDA:133,4,2,1
BRDA:133,4,3,1
BRF:12
BRH:12
end_of_record
TN:
SF:src\components\ListingsItem\ListingsItem.tsx
FN:17,(anonymous_1)
FN:47,(anonymous_2)
FNF:2
FNH:2
FNDA:6,(anonymous_1)
FNDA:1,(anonymous_2)
DA:2,2
DA:3,2
DA:4,2
DA:11,2
DA:17,2
DA:18,6
DA:19,6
DA:20,6
DA:21,6
DA:23,6
DA:24,6
DA:48,1
LF:12
LH:12
BRDA:37,0,0,0
BRDA:37,0,1,6
BRF:2
BRH:1
end_of_record
TN:
SF:src\components\ListingsItems\ListingsItems.tsx
FN:10,(anonymous_1)
FN:15,(anonymous_2)
FNF:2
FNH:2
FNDA:2,(anonymous_1)
FNDA:4,(anonymous_2)
DA:2,1
DA:3,1
DA:10,1
DA:11,2
DA:16,4
LF:5
LH:5
BRF:0
BRH:0
end_of_record
TN:
SF:src\components\ListingsTitle\ListingsTitle.tsx
FN:83,(anonymous_1)
FN:112,(anonymous_2)
FN:115,(anonymous_3)
FNF:3
FNH:3
FNDA:4,(anonymous_1)
FNDA:11,(anonymous_2)
FNDA:1,(anonymous_3)
DA:2,1
DA:4,1
DA:5,1
DA:17,1
DA:83,1
DA:84,4
DA:85,4
DA:87,4
DA:113,11
DA:116,1
LF:10
LH:10
BRDA:110,0,0,4
BRDA:110,0,1,4
BRF:2
BRH:2
end_of_record
TN:
SF:src\components\OptionsForm\OptionsForm.tsx
FN:71,(anonymous_1)
FN:81,(anonymous_2)
FN:85,(anonymous_3)
FN:100,(anonymous_4)
FN:113,(anonymous_5)
FNF:5
FNH:5
FNDA:24,(anonymous_1)
FNDA:15,(anonymous_2)
FNDA:2,(anonymous_3)
FNDA:71,(anonymous_4)
FNDA:2,(anonymous_5)
DA:1,2
DA:2,2
DA:14,2
DA:71,2
DA:76,24
DA:77,24
DA:81,24
DA:82,15
DA:85,24
DA:86,2
DA:87,2
DA:93,24
DA:101,71
DA:113,2
LF:14
LH:14
BRDA:104,0,0,4
BRDA:104,0,1,67
BRF:2
BRH:2
end_of_record
TN:
SF:src\components\PhotoForm\PhotoForm.tsx
FN:16,(anonymous_1)
FN:28,(anonymous_2)
FN:35,(anonymous_3)
FN:49,(anonymous_4)
FN:83,(anonymous_5)
FN:87,(anonymous_6)
FNF:6
FNH:6
FNDA:30,(anonymous_1)
FNDA:15,(anonymous_2)
FNDA:2,(anonymous_3)
FNDA:3,(anonymous_4)
FNDA:90,(anonymous_5)
FNDA:3,(anonymous_6)
DA:1,2
DA:2,2
DA:16,2
DA:24,30
DA:25,30
DA:26,30
DA:28,30
DA:29,15
DA:30,12
DA:31,12
DA:35,30
DA:38,2
DA:39,2
DA:40,2
DA:41,2
DA:42,2
DA:49,30
DA:53,3
DA:54,3
DA:55,3
DA:56,3
DA:57,3
DA:58,3
DA:59,3
DA:66,30
DA:84,90
DA:87,3
LF:27
LH:27
BRDA:29,0,0,12
BRDA:29,1,0,15
BRDA:29,1,1,15
BRDA:38,2,0,2
BRDA:38,2,1,2
BRDA:39,3,0,2
BRDA:53,4,0,3
BRDA:53,4,1,3
BRDA:54,5,0,3
BRDA:79,6,0,30
BRDA:79,6,1,11
BRDA:91,7,0,90
BRDA:91,7,1,15
BRF:13
BRH:13
end_of_record
TN:
SF:src\components\PriceForm\PriceForm.tsx
FN:13,(anonymous_1)
FN:35,(anonymous_2)
FNF:2
FNH:2
FNDA:15,(anonymous_1)
FNDA:4,(anonymous_2)
DA:2,2
DA:13,2
DA:17,15
DA:18,15
DA:36,4
LF:5
LH:5
BRDA:31,0,0,15
BRDA:31,0,1,0
BRF:2
BRH:1
end_of_record
TN:
SF:src\components\Search\Search.tsx
FN:4,(anonymous_1)
FNF:1
FNH:1
FNDA:1,(anonymous_1)
DA:1,1
DA:2,1
DA:4,1
DA:5,1
LF:4
LH:4
BRF:0
BRH:0
end_of_record
TN:
SF:src\components\Slider\Slider.tsx
FN:9,(anonymous_1)
FN:12,(anonymous_2)
FN:18,(anonymous_3)
FNF:3
FNH:2
FNDA:14,(anonymous_1)
FNDA:4,(anonymous_2)
FNDA:0,(anonymous_3)
DA:1,3
DA:2,3
DA:3,3
DA:9,3
DA:10,14
DA:12,14
DA:13,4
DA:14,4
DA:18,14
DA:19,0
DA:20,0
DA:24,14
DA:25,14
DA:27,14
LF:14
LH:12
BRDA:13,0,0,4
BRDA:19,1,0,0
BRDA:31,2,0,4
BRDA:31,2,1,10
BRDA:41,3,0,13
BRDA:41,3,1,1
BRF:6
BRH:5
end_of_record
TN:
SF:src\components\Tabs\Tabs.tsx
FN:103,(anonymous_1)
FN:113,(anonymous_2)
FN:116,(anonymous_3)
FN:121,(anonymous_4)
FN:124,(anonymous_5)
FN:150,(anonymous_6)
FN:156,(anonymous_7)
FN:173,(anonymous_8)
FN:208,(anonymous_9)
FN:212,(anonymous_10)
FN:227,(anonymous_11)
FN:238,(anonymous_12)
FNF:12
FNH:10
FNDA:16,(anonymous_1)
FNDA:17,(anonymous_2)
FNDA:1,(anonymous_3)
FNDA:1,(anonymous_4)
FNDA:0,(anonymous_5)
FNDA:48,(anonymous_6)
FNDA:1,(anonymous_7)
FNDA:0,(anonymous_8)
FNDA:45,(anonymous_9)
FNDA:1,(anonymous_10)
FNDA:4,(anonymous_11)
FNDA:4,(anonymous_12)
DA:1,2
DA:2,2
DA:3,2
DA:4,2
DA:5,2
DA:6,2
DA:8,2
DA:42,2
DA:103,2
DA:104,16
DA:105,16
DA:106,16
DA:107,16
DA:108,16
DA:109,16
DA:111,16
DA:112,16
DA:113,17
DA:116,16
DA:117,1
DA:118,1
DA:121,16
DA:122,1
DA:123,0
DA:124,0
DA:127,0
DA:128,0
DA:137,1
DA:138,0
DA:143,1
DA:144,1
DA:147,16
DA:151,48
DA:157,1
DA:158,1
DA:174,0
DA:209,45
DA:212,1
DA:228,4
DA:239,4
LF:40
LH:34
BRDA:122,0,0,0
BRDA:122,1,0,1
BRDA:122,1,1,0
BRDA:127,2,0,0
BRDA:137,3,0,0
BRDA:137,4,0,1
BRDA:137,4,1,0
BRDA:143,5,0,1
BRDA:154,6,0,16
BRDA:154,6,1,32
BRDA:178,7,0,15
BRDA:178,7,1,1
BRDA:179,8,0,1
BRDA:179,8,1,14
BRDA:182,9,0,1
BRDA:182,9,1,1
BRDA:206,10,0,16
BRDA:206,10,1,15
BRDA:214,11,0,42
BRDA:214,11,1,3
BRF:20
BRH:15
end_of_record
TN:
SF:src\components\UpperHeader\UpperHeader.tsx
FN:6,(anonymous_1)
FN:10,(anonymous_2)
FNF:2
FNH:2
FNDA:5,(anonymous_1)
FNDA:15,(anonymous_2)
DA:1,2
DA:2,2
DA:4,2
DA:6,2
DA:7,5
DA:11,15
LF:6
LH:6
BRDA:12,0,0,5
BRDA:12,0,1,10
BRF:2
BRH:2
end_of_record
TN:
SF:src\components\UpperMiddle\UpperMiddle.tsx
FN:6,(anonymous_1)
FN:9,(anonymous_2)
FN:18,(anonymous_3)
FN:19,(anonymous_4)
FNF:4
FNH:4
FNDA:6,(anonymous_1)
FNDA:1,(anonymous_2)
FNDA:12,(anonymous_3)
FNDA:1,(anonymous_4)
DA:1,2
DA:2,2
DA:4,2
DA:6,2
DA:7,6
DA:9,6
DA:10,1
DA:11,1
DA:15,6
DA:19,12
LF:10
LH:10
BRDA:10,0,0,1
BRF:1
BRH:1
end_of_record
TN:
SF:src\pages\AddListing.tsx
FN:75,(anonymous_0)
FN:79,(anonymous_1)
FN:100,(anonymous_2)
FN:108,(anonymous_3)
FN:110,(anonymous_4)
FN:134,(anonymous_5)
FN:137,(anonymous_6)
FN:141,(anonymous_7)
FN:148,(anonymous_8)
FN:151,(anonymous_9)
FNF:10
FNH:8
FNDA:12,(anonymous_0)
FNDA:0,(anonymous_1)
FNDA:15,(anonymous_2)
FNDA:21,(anonymous_3)
FNDA:1,(anonymous_4)
FNDA:5,(anonymous_5)
FNDA:0,(anonymous_6)
FNDA:5,(anonymous_7)
FNDA:36,(anonymous_8)
FNDA:2,(anonymous_9)
DA:1,1
DA:2,1
DA:7,1
DA:8,1
DA:15,1
DA:63,1
DA:69,1
DA:75,1
DA:76,12
DA:77,12
DA:78,12
DA:79,12
DA:80,0
DA:81,0
DA:83,0
DA:84,0
DA:86,0
DA:87,0
DA:89,0
DA:90,0
DA:93,12
DA:94,12
DA:95,12
DA:97,12
DA:99,12
DA:101,15
DA:103,12
DA:106,12
DA:108,21
DA:110,12
DA:111,1
DA:121,0
DA:127,0
DA:128,0
DA:130,1
DA:134,12
DA:136,5
DA:137,1
DA:138,0
DA:141,5
DA:144,12
DA:149,36
DA:152,2
DA:153,2
LF:44
LH:32
BRDA:80,0,0,0
BRDA:83,1,0,0
BRDA:86,2,0,0
BRDA:89,3,0,0
BRDA:111,4,0,0
BRDA:111,4,1,1
BRDA:112,5,0,1
BRDA:112,5,1,0
BRDA:112,5,2,0
BRDA:112,5,3,0
BRDA:112,5,4,0
BRDA:112,5,5,0
BRDA:112,5,6,0
BRDA:112,5,7,0
BRDA:136,6,0,1
BRDA:156,7,0,12
BRDA:156,7,1,24
BRDA:194,8,0,12
BRDA:194,8,1,1
BRF:19
BRH:7
end_of_record
TN:
SF:src\pages\Home.tsx
FN:4,(anonymous_0)
FNF:1
FNH:1
FNDA:1,(anonymous_0)
DA:1,1
DA:2,1
DA:4,1
DA:5,1
LF:4
LH:4
BRF:0
BRH:0
end_of_record
TN:
SF:src\pages\Listing.tsx
FN:6,(anonymous_1)
FN:11,(anonymous_2)
FN:17,(anonymous_3)
FNF:3
FNH:3
FNDA:2,(anonymous_1)
FNDA:1,(anonymous_2)
FNDA:1,(anonymous_3)
DA:1,1
DA:2,1
DA:3,1
DA:4,1
DA:6,1
DA:7,2
DA:8,2
DA:10,2
DA:11,2
DA:12,1
DA:18,1
DA:21,2
LF:12
LH:12
BRDA:24,0,0,2
BRDA:24,0,1,1
BRF:2
BRH:2
end_of_record
TN:
SF:src\store\index.tsx
FN:12,(anonymous_1)
FNF:1
FNH:1
FNDA:16,(anonymous_1)
DA:1,13
DA:2,13
DA:3,13
DA:5,13
DA:12,16
DA:13,13
LF:6
LH:6
BRF:0
BRH:0
end_of_record
TN:
SF:src\store\listingsSlice.tsx
FN:16,(anonymous_1)
FN:45,(anonymous_2)
FN:86,(anonymous_3)
FN:89,(anonymous_4)
FN:92,(anonymous_5)
FN:102,(anonymous_6)
FN:107,(anonymous_7)
FN:108,(anonymous_8)
FNF:8
FNH:1
FNDA:0,(anonymous_1)
FNDA:0,(anonymous_2)
FNDA:0,(anonymous_3)
FNDA:0,(anonymous_4)
FNDA:0,(anonymous_5)
FNDA:0,(anonymous_6)
FNDA:13,(anonymous_7)
FNDA:0,(anonymous_8)
DA:1,13
DA:2,13
DA:14,13
DA:17,0
DA:19,0
DA:23,0
DA:24,0
DA:29,0
DA:35,0
DA:43,13
DA:46,0
DA:47,0
DA:62,13
DA:82,13
DA:87,0
DA:90,0
DA:99,0
DA:103,0
DA:104,0
DA:108,13
DA:109,0
DA:113,13
DA:115,13
LF:23
LH:9
BRDA:19,0,0,0
BRDA:19,0,1,0
BRDA:23,1,0,0
BRDA:23,1,1,0
BRF:4
BRH:0
end_of_record
TN:
SF:src\utils\testing.tsx
FN:11,(anonymous_0)
FN:15,(anonymous_1)
FNF:2
FNH:2
FNDA:29,(anonymous_0)
FNDA:29,(anonymous_1)
DA:1,13
DA:2,13
DA:4,13
DA:5,13
DA:11,13
DA:15,29
DA:16,29
DA:21,29
LF:8
LH:8
BRDA:13,0,0,25
BRF:1
BRH:1
end_of_record
